Using pre-set license
Built from '2021.3/staging' branch; Version is '2021.3.4f1 (cb45f9cae8b7) revision 13321721'; Using compiler version '192829333'; Build Type 'Release'
OS: 'Windows 10  (10.0.19043) 64bit Professional' Language: 'tr' Physical Memory: 8073 MB
BatchMode: 1, IsHumanControllingUs: 0, StartBugReporterOnCrash: 0, Is64bit: 1, IsPro: 1

COMMAND LINE ARGUMENTS:
C:\Program Files\Unity\Hub\Editor\2021.3.4f1\Editor\Unity.exe
-adb2
-batchMode
-noUpm
-name
AssetImportWorker0
-projectPath
C:/Users/selim.olmaz/Desktop/LidarScan_Demo-main
-logFile
Logs/AssetImportWorker0.log
-srvPort
56978
Successfully changed project path to: C:/Users/selim.olmaz/Desktop/LidarScan_Demo-main
C:/Users/selim.olmaz/Desktop/LidarScan_Demo-main
[UnityMemory] Configuration Parameters - Can be set up in boot.config
    "memorysetup-bucket-allocator-granularity=16"
    "memorysetup-bucket-allocator-bucket-count=8"
    "memorysetup-bucket-allocator-block-size=33554432"
    "memorysetup-bucket-allocator-block-count=8"
    "memorysetup-main-allocator-block-size=16777216"
    "memorysetup-thread-allocator-block-size=16777216"
    "memorysetup-gfx-main-allocator-block-size=16777216"
    "memorysetup-gfx-thread-allocator-block-size=16777216"
    "memorysetup-cache-allocator-block-size=4194304"
    "memorysetup-typetree-allocator-block-size=2097152"
    "memorysetup-profiler-bucket-allocator-granularity=16"
    "memorysetup-profiler-bucket-allocator-bucket-count=8"
    "memorysetup-profiler-bucket-allocator-block-size=33554432"
    "memorysetup-profiler-bucket-allocator-block-count=8"
    "memorysetup-profiler-allocator-block-size=16777216"
    "memorysetup-profiler-editor-allocator-block-size=1048576"
    "memorysetup-temp-allocator-size-main=16777216"
    "memorysetup-job-temp-allocator-block-size=2097152"
    "memorysetup-job-temp-allocator-block-size-background=1048576"
    "memorysetup-job-temp-allocator-reduction-small-platforms=262144"
    "memorysetup-temp-allocator-size-background-worker=32768"
    "memorysetup-temp-allocator-size-job-worker=262144"
    "memorysetup-temp-allocator-size-preload-manager=33554432"
    "memorysetup-temp-allocator-size-nav-mesh-worker=65536"
    "memorysetup-temp-allocator-size-audio-worker=65536"
    "memorysetup-temp-allocator-size-cloud-worker=32768"
    "memorysetup-temp-allocator-size-gi-baking-worker=262144"
    "memorysetup-temp-allocator-size-gfx=262144"
Refreshing native plugins compatible for Editor in 51.68 ms, found 3 plugins.
Preloading 0 native plugins for Editor in 0.00 ms.
Initialize engine version: 2021.3.4f1 (cb45f9cae8b7)
[Subsystems] Discovering subsystems at path C:/Program Files/Unity/Hub/Editor/2021.3.4f1/Editor/Data/Resources/UnitySubsystems
[Subsystems] Discovering subsystems at path C:/Users/selim.olmaz/Desktop/LidarScan_Demo-main/Assets
GfxDevice: creating device client; threaded=0; jobified=0
Direct3D:
    Version:  Direct3D 11.0 [level 11.1]
    Renderer: Intel(R) HD Graphics 620 (ID=0x5916)
    Vendor:   Intel
    VRAM:     4036 MB
    Driver:   30.0.101.1338
Initialize mono
Mono path[0] = 'C:/Program Files/Unity/Hub/Editor/2021.3.4f1/Editor/Data/Managed'
Mono path[1] = 'C:/Program Files/Unity/Hub/Editor/2021.3.4f1/Editor/Data/MonoBleedingEdge/lib/mono/unityjit-win32'
Mono config path = 'C:/Program Files/Unity/Hub/Editor/2021.3.4f1/Editor/Data/MonoBleedingEdge/etc'
Using monoOptions --debugger-agent=transport=dt_socket,embedding=1,server=y,suspend=n,address=127.0.0.1:56224
Begin MonoManager ReloadAssembly
Registering precompiled unity dll's ...
Register platform support module: C:/Program Files/Unity/Hub/Editor/2021.3.4f1/Editor/Data/PlaybackEngines/WebGLSupport/UnityEditor.WebGL.Extensions.dll
Register platform support module: C:/Program Files/Unity/Hub/Editor/2021.3.4f1/Editor/Data/PlaybackEngines/AndroidPlayer/UnityEditor.Android.Extensions.dll
Register platform support module: C:/Program Files/Unity/Hub/Editor/2021.3.4f1/Editor/Data/PlaybackEngines/iOSSupport/UnityEditor.iOS.Extensions.dll
Register platform support module: C:/Program Files/Unity/Hub/Editor/2021.3.4f1/Editor/Data/PlaybackEngines/WindowsStandaloneSupport/UnityEditor.WindowsStandalone.Extensions.dll
Registered in 0.013703 seconds.
Native extension for WindowsStandalone target not found
[usbmuxd] Start listen thread
[usbmuxd] Listen thread started
Native extension for iOS target not found
Native extension for Android target not found
Native extension for WebGL target not found
Refreshing native plugins compatible for Editor in 48.96 ms, found 3 plugins.
Preloading 0 native plugins for Editor in 0.00 ms.
Mono: successfully reloaded assembly
- Completed reload, in  0.914 seconds
Domain Reload Profiling:
	ReloadAssembly (914ms)
		BeginReloadAssembly (109ms)
			ExecutionOrderSort (0ms)
			DisableScriptedObjects (0ms)
			BackupInstance (0ms)
			ReleaseScriptingObjects (0ms)
			CreateAndSetChildDomain (1ms)
		EndReloadAssembly (616ms)
			LoadAssemblies (109ms)
			RebuildTransferFunctionScriptingTraits (0ms)
			SetupTypeCache (166ms)
			ReleaseScriptCaches (0ms)
			RebuildScriptCaches (40ms)
			SetupLoadedEditorAssemblies (335ms)
				LogAssemblyErrors (0ms)
				InitializePlatformSupportModulesInManaged (93ms)
				SetLoadedEditorAssemblies (0ms)
				RefreshPlugins (49ms)
				BeforeProcessingInitializeOnLoad (1ms)
				ProcessInitializeOnLoadAttributes (131ms)
				ProcessInitializeOnLoadMethodAttributes (60ms)
				AfterProcessingInitializeOnLoad (0ms)
				EditorAssembliesLoaded (0ms)
			ExecutionOrderSort2 (0ms)
			AwakeInstancesAfterBackupRestoration (0ms)
Platform modules already initialized, skipping
Registering precompiled user dll's ...
Registered in 0.004007 seconds.
Android Extension - Scanning For ADB Devices 1090 ms
Begin MonoManager ReloadAssembly
Native extension for WindowsStandalone target not found
Native extension for iOS target not found
Native extension for Android target not found
Native extension for WebGL target not found
Refreshing native plugins compatible for Editor in 55.50 ms, found 3 plugins.
Preloading 0 native plugins for Editor in 0.00 ms.
Package Manager log level set to [2]
Mono: successfully reloaded assembly
- Completed reload, in  1.363 seconds
Domain Reload Profiling:
	ReloadAssembly (1365ms)
		BeginReloadAssembly (159ms)
			ExecutionOrderSort (0ms)
			DisableScriptedObjects (10ms)
			BackupInstance (0ms)
			ReleaseScriptingObjects (0ms)
			CreateAndSetChildDomain (29ms)
		EndReloadAssembly (1028ms)
			LoadAssemblies (112ms)
			RebuildTransferFunctionScriptingTraits (0ms)
			SetupTypeCache (278ms)
			ReleaseScriptCaches (0ms)
			RebuildScriptCaches (62ms)
			SetupLoadedEditorAssemblies (507ms)
				LogAssemblyErrors (0ms)
				InitializePlatformSupportModulesInManaged (35ms)
				SetLoadedEditorAssemblies (0ms)
				RefreshPlugins (56ms)
				BeforeProcessingInitializeOnLoad (117ms)
				ProcessInitializeOnLoadAttributes (258ms)
				ProcessInitializeOnLoadMethodAttributes (32ms)
				AfterProcessingInitializeOnLoad (9ms)
				EditorAssembliesLoaded (1ms)
			ExecutionOrderSort2 (0ms)
			AwakeInstancesAfterBackupRestoration (12ms)
Platform modules already initialized, skipping
========================================================================
Worker process is ready to serve import requests
Launched and connected shader compiler UnityShaderCompiler.exe after 0.07 seconds
Refreshing native plugins compatible for Editor in 0.48 ms, found 3 plugins.
Preloading 0 native plugins for Editor in 0.00 ms.
Unloading 2379 Unused Serialized files (Serialized files now loaded: 0)
Unloading 24 unused Assets / (74.2 KB). Loaded Objects now: 2844.
Memory consumption went from 95.3 MB to 95.2 MB.
Total: 4.066700 ms (FindLiveObjects: 0.359600 ms CreateObjectMapping: 0.249600 ms MarkObjects: 3.346800 ms  DeleteObjects: 0.108800 ms)

AssetImportParameters requested are different than current active one (requested -> active):
  custom:video-decoder-ogg-theora: a1e56fd34408186e4bbccfd4996cb3dc -> 
  custom:container-muxer-webm: aa71ff27fc2769a1b78a27578f13a17b -> 
  custom:container-demuxer-webm: 4f35f7cbe854078d1ac9338744f61a02 -> 
  custom:video-encoder-webm-vp8: eb34c28f22e8b96e1ab97ce403110664 -> 
  custom:audio-encoder-webm-vorbis: bf7c407c2cedff20999df2af8eb42d56 -> 
  custom:framework-win-MediaFoundation: 216162199b28c13a410421893ffa2e32 -> 
  custom:container-demuxer-ogg: 62fdf1f143b41e24485cea50d1cbac27 -> 
  custom:video-decoder-webm-vp8: 9c59270c3fd7afecdb556c50c9e8de78 -> 
  custom:audio-decoder-ogg-vorbis: bf7c407c2cedff20999df2af8eb42d56 -> 
========================================================================
Received Import Request.
  Time since last request: 1353985.665961 seconds.
  path: Assets/Prefab/MeshPrefab_None.prefab
  artifactKey: Guid(ffbedbee0dc25e148ba1c4f03d0bf280) Importer(815301076,1909f56bfc062723c751e8b465ee728b)
Start importing Assets/Prefab/MeshPrefab_None.prefab using Guid(ffbedbee0dc25e148ba1c4f03d0bf280) Importer(815301076,1909f56bfc062723c751e8b465ee728b)  -> (artifact id: 'ee8f8f7beb89c97784edee7abe770798') in 0.077261 seconds 
========================================================================
Received Import Request.
  Time since last request: 0.000037 seconds.
  path: Assets/Prefab/MeshCube.prefab
  artifactKey: Guid(2d1950c3bec250d42a81f80cfe70e447) Importer(815301076,1909f56bfc062723c751e8b465ee728b)
Start importing Assets/Prefab/MeshCube.prefab using Guid(2d1950c3bec250d42a81f80cfe70e447) Importer(815301076,1909f56bfc062723c751e8b465ee728b)  -> (artifact id: '8626918b6f25365e489c59316fcadde3') in 0.148286 seconds 
========================================================================
Received Import Request.
  Time since last request: 0.000037 seconds.
  path: Assets/Prefab/MeshPrefab_Window.prefab
  artifactKey: Guid(b7f2b4f13c9488941a4bb7ee02c4b8a0) Importer(815301076,1909f56bfc062723c751e8b465ee728b)
Start importing Assets/Prefab/MeshPrefab_Window.prefab using Guid(b7f2b4f13c9488941a4bb7ee02c4b8a0) Importer(815301076,1909f56bfc062723c751e8b465ee728b)  -> (artifact id: 'cbb0560f962cbe2d206dbe955c6e489a') in 0.040803 seconds 
========================================================================
Received Import Request.
  Time since last request: 0.000077 seconds.
  path: Assets/Prefab/AR Plane Debug Visualizer.prefab
  artifactKey: Guid(228ca0f8e07ca304abb269d297f5801f) Importer(815301076,1909f56bfc062723c751e8b465ee728b)
Start importing Assets/Prefab/AR Plane Debug Visualizer.prefab using Guid(228ca0f8e07ca304abb269d297f5801f) Importer(815301076,1909f56bfc062723c751e8b465ee728b)  -> (artifact id: '365328b56701fa523e006cf71dd942a6') in 0.045295 seconds 
========================================================================
Received Import Request.
  Time since last request: 0.000023 seconds.
  path: Assets/Prefab/MeshPrefab_Table.prefab
  artifactKey: Guid(a91b9bce28025834d93d2cfd807e2769) Importer(815301076,1909f56bfc062723c751e8b465ee728b)
Start importing Assets/Prefab/MeshPrefab_Table.prefab using Guid(a91b9bce28025834d93d2cfd807e2769) Importer(815301076,1909f56bfc062723c751e8b465ee728b)  -> (artifact id: 'd63e591118590ef0dc4a639a305f142d') in 0.032378 seconds 
========================================================================
Received Import Request.
  Time since last request: 0.000026 seconds.
  path: Assets/Prefab/Log.prefab
  artifactKey: Guid(d7a21623171d0a8449f415dc951c7ff3) Importer(815301076,1909f56bfc062723c751e8b465ee728b)
Start importing Assets/Prefab/Log.prefab using Guid(d7a21623171d0a8449f415dc951c7ff3) Importer(815301076,1909f56bfc062723c751e8b465ee728b)  -> (artifact id: '875dcc1f6fda658f8ed7164b0c1315fc') in 0.043678 seconds 
========================================================================
Received Import Request.
  Time since last request: 0.000041 seconds.
  path: Assets/Prefab/MeshPrefab_Ceiling.prefab
  artifactKey: Guid(9de97c309df281743b6861f04e194111) Importer(815301076,1909f56bfc062723c751e8b465ee728b)
Start importing Assets/Prefab/MeshPrefab_Ceiling.prefab using Guid(9de97c309df281743b6861f04e194111) Importer(815301076,1909f56bfc062723c751e8b465ee728b)  -> (artifact id: '472860d6357d930e69c49e0c0e75aaa3') in 0.034684 seconds 
========================================================================
Received Import Request.
  Time since last request: 0.000028 seconds.
  path: Assets/Prefab/MeshPrefab_Wall.prefab
  artifactKey: Guid(89c4a704328ba2742b795ecab95fcf71) Importer(815301076,1909f56bfc062723c751e8b465ee728b)
Start importing Assets/Prefab/MeshPrefab_Wall.prefab using Guid(89c4a704328ba2742b795ecab95fcf71) Importer(815301076,1909f56bfc062723c751e8b465ee728b)  -> (artifact id: '8a8dee3eda715f41f85c03171eb91d0d') in 0.032523 seconds 
========================================================================
Received Import Request.
  Time since last request: 0.000108 seconds.
  path: Assets/Prefab/MeshPrefab_Seat.prefab
  artifactKey: Guid(fd286d3f44b4493459ec0f249b5e9627) Importer(815301076,1909f56bfc062723c751e8b465ee728b)
Start importing Assets/Prefab/MeshPrefab_Seat.prefab using Guid(fd286d3f44b4493459ec0f249b5e9627) Importer(815301076,1909f56bfc062723c751e8b465ee728b)  -> (artifact id: '06d5a40683133e37ceacee98eb6a8602') in 0.037516 seconds 
========================================================================
Received Import Request.
  Time since last request: 0.000114 seconds.
  path: Assets/Prefab/MeshPrefab_Door.prefab
  artifactKey: Guid(9f99d56ae618f62429df0c1101170e80) Importer(815301076,1909f56bfc062723c751e8b465ee728b)
Start importing Assets/Prefab/MeshPrefab_Door.prefab using Guid(9f99d56ae618f62429df0c1101170e80) Importer(815301076,1909f56bfc062723c751e8b465ee728b)  -> (artifact id: 'ce99bf4602ccabbe00751ee64834a3b7') in 0.057195 seconds 
========================================================================
Received Import Request.
  Time since last request: 0.000060 seconds.
  path: Assets/Prefab/MeshM.prefab
  artifactKey: Guid(eb17d5552e1ad8140b2d81979e2de078) Importer(815301076,1909f56bfc062723c751e8b465ee728b)
Start importing Assets/Prefab/MeshM.prefab using Guid(eb17d5552e1ad8140b2d81979e2de078) Importer(815301076,1909f56bfc062723c751e8b465ee728b)  -> (artifact id: 'b327f64b6381842c36015f203cbf6cec') in 0.034869 seconds 
========================================================================
Received Import Request.
  Time since last request: 0.000106 seconds.
  path: Assets/Prefab/RenderedMeshPrefab.prefab
  artifactKey: Guid(fee089864646c604384b60ca97bc30cd) Importer(815301076,1909f56bfc062723c751e8b465ee728b)
Start importing Assets/Prefab/RenderedMeshPrefab.prefab using Guid(fee089864646c604384b60ca97bc30cd) Importer(815301076,1909f56bfc062723c751e8b465ee728b)  -> (artifact id: 'de8190f3c12d509ce5dcff3c12c57bff') in 0.042431 seconds 
========================================================================
Received Import Request.
  Time since last request: 0.000113 seconds.
  path: Assets/Prefab/AR Point Cloud Debug Visualizer.prefab
  artifactKey: Guid(7c85e92740ece0b43a90ce5646a42a80) Importer(815301076,1909f56bfc062723c751e8b465ee728b)
Start importing Assets/Prefab/AR Point Cloud Debug Visualizer.prefab using Guid(7c85e92740ece0b43a90ce5646a42a80) Importer(815301076,1909f56bfc062723c751e8b465ee728b)  -> (artifact id: '68bb09667a431c85133b868af6509124') in 0.143063 seconds 
========================================================================
Received Import Request.
  Time since last request: 0.000038 seconds.
  path: Assets/Prefab/MeshPrefab_Floor.prefab
  artifactKey: Guid(cddceea691af9ba4dadd84c377641fe8) Importer(815301076,1909f56bfc062723c751e8b465ee728b)
Start importing Assets/Prefab/MeshPrefab_Floor.prefab using Guid(cddceea691af9ba4dadd84c377641fe8) Importer(815301076,1909f56bfc062723c751e8b465ee728b)  -> (artifact id: 'b8e4556990f8e0de195afd252aabbf1c') in 0.108469 seconds 
========================================================================
Received Import Request.
  Time since last request: 0.327095 seconds.
  path: Assets/Scripts/ARWorldMapController.cs
  artifactKey: Guid(865a970fff07ad645b4fcd773ba0f8d5) Importer(815301076,1909f56bfc062723c751e8b465ee728b)
Start importing Assets/Scripts/ARWorldMapController.cs using Guid(865a970fff07ad645b4fcd773ba0f8d5) Importer(815301076,1909f56bfc062723c751e8b465ee728b)  -> (artifact id: 'd65266a459c149a7f056b5b5d1fe0239') in 0.025291 seconds 
